Start testing: Apr 14 06:54 UTC
----------------------------------------------------------
1/1 Testing: ButtonTests
1/1 Test: ButtonTests
Command: "/workspaces/docker-test/my_project/build/test_button"
Directory: /workspaces/docker-test/my_project/build
"ButtonTests" start time: Apr 14 06:54 UTC
Output:
----------------------------------------------------------
======= Button Tests =======
[PASS] test_init_state
[PASS] test_button2_ready
[PASS] test_button2_not_ready
[PASS] test_button1_carbonate
[PASS] test_button1_no_carbonate
[PASS] test_button3_level
[PASS] test_long_press
[PASS] test_double_click
============================
All tests passed!
<end of output>
Test time =   0.00 sec
----------------------------------------------------------
Test Passed.
"ButtonTests" end time: Apr 14 06:54 UTC
"ButtonTests" time elapsed: 00:00:00
----------------------------------------------------------

End testing: Apr 14 06:54 UTC
